[debug] [2019-05-22T21:27:35.462Z] ----------------------------------------------------------------------
[debug] [2019-05-22T21:27:35.464Z] Command:       C:\Program Files\nodejs\node.exe C:\Users\dougl\AppData\Roaming\npm\node_modules\firebase-tools\lib\bin\firebase.js deploy
[debug] [2019-05-22T21:27:35.464Z] CLI Version:   6.10.0
[debug] [2019-05-22T21:27:35.464Z] Platform:      win32
[debug] [2019-05-22T21:27:35.464Z] Node Version:  v12.2.0
[debug] [2019-05-22T21:27:35.465Z] Time:          Wed May 22 2019 14:27:35 GMT-0700 (Pacific Daylight Time)
[debug] [2019-05-22T21:27:35.465Z] ----------------------------------------------------------------------
[debug] 
[debug] [2019-05-22T21:27:35.475Z] > command requires scopes: ["email","openid","https://www.googleapis.com/auth/cloudplatformprojects.readonly","https://www.googleapis.com/auth/firebase","https://www.googleapis.com/auth/cloud-platform"]
[debug] [2019-05-22T21:27:35.475Z] > authorizing via signed-in user
[debug] [2019-05-22T21:27:35.476Z] [iam] checking project capsmd-site for permissions ["cloudfunctions.functions.create","cloudfunctions.functions.delete","cloudfunctions.functions.get","cloudfunctions.functions.list","cloudfunctions.functions.update","cloudfunctions.operations.get","datastore.indexes.create","datastore.indexes.delete","datastore.indexes.list","datastore.indexes.update","firebase.projects.get","firebasehosting.sites.update"]
[debug] [2019-05-22T21:27:35.477Z] > refreshing access token with scopes: ["email","https://www.googleapis.com/auth/cloud-platform","https://www.googleapis.com/auth/cloudplatformprojects.readonly","https://www.googleapis.com/auth/firebase","openid"]
[debug] [2019-05-22T21:27:35.477Z] >>> HTTP REQUEST POST https://www.googleapis.com/oauth2/v3/token  
 <request body omitted>
[debug] [2019-05-22T21:27:35.704Z] <<< HTTP RESPONSE 200
[debug] [2019-05-22T21:27:35.718Z] >>> HTTP REQUEST POST https://cloudresourcemanager.googleapis.com/v1/projects/capsmd-site:testIamPermissions  

[debug] [2019-05-22T21:27:36.004Z] <<< HTTP RESPONSE 200
[debug] [2019-05-22T21:27:36.006Z] >>> HTTP REQUEST GET https://firebase.googleapis.com/v1beta1/projects/capsmd-site  
 
[debug] [2019-05-22T21:27:36.341Z] <<< HTTP RESPONSE 200
[info] 
[info] === Deploying to 'capsmd-site'...
[info] 
[info] i  deploying firestore, functions, hosting
[info] Running command: npm --prefix "$RESOURCE_DIR" run lint
[info] +  functions: Finished running predeploy script.
[info] i  firestore: checking firestore.rules for compilation errors...
[info] i  firestore: reading indexes from firestore.indexes.json...
[debug] [2019-05-22T21:27:40.051Z] >>> HTTP REQUEST POST https://firebaserules.googleapis.com/v1/projects/capsmd-site:test  

[debug] [2019-05-22T21:27:40.295Z] <<< HTTP RESPONSE 200
[info] +  firestore: rules file firestore.rules compiled successfully
[debug] [2019-05-22T21:27:40.302Z] > [functions] package.json contents: {
  "name": "functions",
  "description": "Cloud Functions for Firebase",
  "scripts": {
    "lint": "eslint .",
    "serve": "firebase serve --only functions",
    "shell": "firebase functions:shell",
    "start": "npm run shell",
    "deploy": "firebase deploy --only functions",
    "logs": "firebase functions:log"
  },
  "engines": {
    "node": "8"
  },
  "dependencies": {
    "firebase-admin": "^7.0.0",
    "firebase-functions": "^2.3.0",
    "nodemailer": "^6.1.1"
  },
  "devDependencies": {
    "eslint": "^5.12.0",
    "eslint-plugin-promise": "^4.0.1"
  },
  "private": true
}
[info] i  functions: ensuring necessary APIs are enabled...
[debug] [2019-05-22T21:27:40.305Z] >>> HTTP REQUEST GET https://servicemanagement.googleapis.com/v1/services/cloudfunctions.googleapis.com/projectSettings/capsmd-site?view=CONSUMER_VIEW  
 
[debug] [2019-05-22T21:27:40.306Z] >>> HTTP REQUEST GET https://servicemanagement.googleapis.com/v1/services/runtimeconfig.googleapis.com/projectSettings/capsmd-site?view=CONSUMER_VIEW  
 
[debug] [2019-05-22T21:27:41.140Z] <<< HTTP RESPONSE 200
[debug] [2019-05-22T21:27:41.216Z] <<< HTTP RESPONSE 200
[info] +  functions: all necessary APIs are enabled
[debug] [2019-05-22T21:27:41.220Z] >>> HTTP REQUEST GET https://cloudresourcemanager.googleapis.com/v1/projects/capsmd-site  
 
[debug] [2019-05-22T21:27:41.455Z] <<< HTTP RESPONSE 200
[debug] [2019-05-22T21:27:41.457Z] >>> HTTP REQUEST GET https://mobilesdk-pa.googleapis.com/v1/projects/1067569545418:getServerAppConfig  
 
[debug] [2019-05-22T21:27:41.793Z] <<< HTTP RESPONSE 200
[debug] [2019-05-22T21:27:41.794Z] >>> HTTP REQUEST POST https://firebasehosting.googleapis.com/v1beta1/sites/capsmd-site/versions  

[debug] [2019-05-22T21:27:42.646Z] <<< HTTP RESPONSE 200
[info] i  firestore: uploading rules firestore.rules...
[debug] [2019-05-22T21:27:42.651Z] >>> HTTP REQUEST POST https://firebaserules.googleapis.com/v1/projects/capsmd-site/rulesets  

[debug] [2019-05-22T21:27:42.651Z] >>> HTTP REQUEST GET https://firestore.googleapis.com/v1beta2/projects/capsmd-site/databases/(default)/collectionGroups/-/indexes  
 
[debug] [2019-05-22T21:27:42.961Z] <<< HTTP RESPONSE 200
[debug] [2019-05-22T21:27:42.962Z] >>> HTTP REQUEST GET https://firestore.googleapis.com/v1beta2/projects/capsmd-site/databases/(default)/collectionGroups/-/fields?filter=indexConfig.usesAncestorConfig=false  
 
[debug] [2019-05-22T21:27:42.998Z] <<< HTTP RESPONSE 200
[debug] [2019-05-22T21:27:42.999Z] [rules] created ruleset projects/capsmd-site/rulesets/8ab2f269-9570-4e44-99b6-d1f8682a84ae
[debug] [2019-05-22T21:27:43.238Z] <<< HTTP RESPONSE 200
[info] +  firestore: deployed indexes in firestore.indexes.json successfully
[info] i  functions: preparing functions directory for uploading...
[debug] [2019-05-22T21:27:43.252Z] >>> HTTP REQUEST GET https://runtimeconfig.googleapis.com/v1beta1/projects/capsmd-site/configs  
 
[debug] [2019-05-22T21:27:43.533Z] <<< HTTP RESPONSE 200
[debug] [2019-05-22T21:27:43.535Z] >>> HTTP REQUEST GET https://runtimeconfig.googleapis.com/v1beta1/projects/capsmd-site/configs/email/variables  
 
[debug] [2019-05-22T21:27:43.966Z] <<< HTTP RESPONSE 200
[debug] [2019-05-22T21:27:43.967Z] >>> HTTP REQUEST GET https://runtimeconfig.googleapis.com/v1beta1/projects/capsmd-site/configs/email/variables/user  
 
[debug] [2019-05-22T21:27:43.968Z] >>> HTTP REQUEST GET https://runtimeconfig.googleapis.com/v1beta1/projects/capsmd-site/configs/email/variables/password  
 
[debug] [2019-05-22T21:27:44.238Z] <<< HTTP RESPONSE 200
[debug] [2019-05-22T21:27:44.583Z] <<< HTTP RESPONSE 200
[info] i  functions: packaged functions (40.49 KB) for uploading
[debug] [2019-05-22T21:27:44.816Z] >>> HTTP REQUEST POST https://cloudfunctions.googleapis.com/v1/projects/capsmd-site/locations/us-central1/functions:generateUploadUrl  
 
[debug] [2019-05-22T21:27:45.244Z] <<< HTTP RESPONSE 200
[debug] [2019-05-22T21:27:45.245Z] >>> HTTP REQUEST PUT https://storage.googleapis.com/gcf-upload-us-central1-20e2722a-f299-4536-9afc-4a8a5e4840e8/f7970591-d027-4363-8292-7febd9174e31.zip?GoogleAccessId=service-1067569545418@gcf-admin-robot.iam.gserviceaccount.com&Expires=1558562265&Signature=NILE7DELNCHloZuaI8f08ODQJlRwfPnZfo0m6HTm2ur5j9v7rLOLoyqnlDmwLr5v0xwSuG6ERMrpWKaIJ%2FvfDy0NglcjNrrdh4L7W1zSumzyb3yO9onLlWTXBv2vNeQbtI3bSlXgdCg2jlRTy3mzN%2FVdeHPVQdtVgR3wgIRbhnmGKbjEVzi10rtf%2FNe384WbtG2i1GsIESsfJkL5s5SmuDVIW5WqS8LRxqnyfglEV7kMYDUCv6%2FNOBKHaB06g%2BdMVJtyBCoHmYJnf1kCgPvX9MYoJzd5MURtR%2BrIHCoemhFvKN%2BsHEmQ6AZcvdN7sdHfsYEQdwlY0X0sgDx%2FXEPN6A%3D%3D  

[debug] [2019-05-22T21:27:45.695Z] <<< HTTP RESPONSE 200
[info] +  functions: functions folder uploaded successfully
[info] i  hosting[capsmd-site]: beginning deploy...
[info] i  hosting[capsmd-site]: found 43 files in build
[debug] [2019-05-22T21:27:45.748Z] [hosting] hash cache [YnVpbGQ] load error: lines is not defined
[debug] [2019-05-22T21:27:46.876Z] [hosting] hash cache [YnVpbGQ] stored for 43 files
[debug] [2019-05-22T21:27:46.876Z] [hosting][hash queue][FINAL]
[debug] [2019-05-22T21:27:46.876Z] >>> HTTP REQUEST POST https://firebasehosting.googleapis.com/v1beta1/sites/capsmd-site/versions/41fdc17a084dd0a4:populateFiles  
 <request body omitted>
[debug] [2019-05-22T21:27:47.645Z] <<< HTTP RESPONSE 200
[debug] [2019-05-22T21:27:47.663Z] [hosting][populate queue][FINAL]
[debug] [2019-05-22T21:27:47.663Z] [hosting] uploads queued: 6
[debug] [2019-05-22T21:27:48.910Z] [hosting][upload queue][FINAL]
[info] +  hosting[capsmd-site]: file upload complete
[debug] [2019-05-22T21:27:48.913Z] [hosting] deploy completed after 3210ms
[debug] [2019-05-22T21:27:48.918Z] [rules] releasing cloud.firestore with ruleset projects/capsmd-site/rulesets/8ab2f269-9570-4e44-99b6-d1f8682a84ae
[debug] [2019-05-22T21:27:48.919Z] >>> HTTP REQUEST PATCH https://firebaserules.googleapis.com/v1/projects/capsmd-site/releases/cloud.firestore  

[debug] [2019-05-22T21:27:49.190Z] <<< HTTP RESPONSE 200
[debug] [2019-05-22T21:27:49.190Z] [rules] updated release projects/capsmd-site/releases/cloud.firestore
[info] +  firestore: released rules firestore.rules to cloud.firestore
[debug] [2019-05-22T21:27:49.198Z] >>> HTTP REQUEST GET https://cloudfunctions.googleapis.com/v1/projects/capsmd-site/locations/-/functions  
 
[debug] [2019-05-22T21:27:49.662Z] <<< HTTP RESPONSE 200
[info] i  functions: updating Node.js 8 function newContactMessage(us-central1)...
[debug] [2019-05-22T21:27:49.672Z] Trigger is:  {"eventTrigger":{"resource":"projects/capsmd-site/databases/(default)/documents/messages/{messageId}","eventType":"providers/cloud.firestore/eventTypes/document.create","service":"firestore.googleapis.com"}}
[info] i  functions: updating Node.js 8 function newSubscriber(us-central1)...
[debug] [2019-05-22T21:27:49.675Z] Trigger is:  {"eventTrigger":{"resource":"projects/capsmd-site/databases/(default)/documents/subscribers/{subscriberId}","eventType":"providers/cloud.firestore/eventTypes/document.create","service":"firestore.googleapis.com"}}
[debug] [2019-05-22T21:27:49.678Z] >>> HTTP REQUEST GET https://servicemanagement.googleapis.com/v1/services/cloudscheduler.googleapis.com/projectSettings/capsmd-site?view=CONSUMER_VIEW  
 
[debug] [2019-05-22T21:27:50.467Z] <<< HTTP RESPONSE 200
[debug] [2019-05-22T21:27:50.471Z] >>> HTTP REQUEST PATCH https://cloudfunctions.googleapis.com/v1/projects/capsmd-site/locations/us-central1/functions/newContactMessage {"updateMask":"sourceUploadUrl,name,labels,runtime,eventTrigger.resource,eventTrigger.eventType,eventTrigger.service"} 

[debug] [2019-05-22T21:27:50.474Z] >>> HTTP REQUEST PATCH https://cloudfunctions.googleapis.com/v1/projects/capsmd-site/locations/us-central1/functions/newSubscriber {"updateMask":"sourceUploadUrl,name,labels,runtime,eventTrigger.resource,eventTrigger.eventType,eventTrigger.service"} 

[debug] [2019-05-22T21:27:50.964Z] <<< HTTP RESPONSE 200
[debug] [2019-05-22T21:27:50.966Z] <<< HTTP RESPONSE 200
[debug] [2019-05-22T21:27:50.967Z] >>> HTTP REQUEST GET https://cloudfunctions.googleapis.com/v1/operations/Y2Fwc21kLXNpdGUvdXMtY2VudHJhbDEvbmV3Q29udGFjdE1lc3NhZ2UveXJLNHo4TFNSV1k  
 
[debug] [2019-05-22T21:27:50.968Z] >>> HTTP REQUEST GET https://cloudfunctions.googleapis.com/v1/operations/Y2Fwc21kLXNpdGUvdXMtY2VudHJhbDEvbmV3U3Vic2NyaWJlci8xWDlRY0trY0E1WQ  
 
[debug] [2019-05-22T21:27:51.240Z] <<< HTTP RESPONSE 200
[debug] [2019-05-22T21:27:51.242Z] <<< HTTP RESPONSE 200
[debug] [2019-05-22T21:27:53.241Z] >>> HTTP REQUEST GET https://cloudfunctions.googleapis.com/v1/operations/Y2Fwc21kLXNpdGUvdXMtY2VudHJhbDEvbmV3Q29udGFjdE1lc3NhZ2UveXJLNHo4TFNSV1k  
 
[debug] [2019-05-22T21:27:53.246Z] >>> HTTP REQUEST GET https://cloudfunctions.googleapis.com/v1/operations/Y2Fwc21kLXNpdGUvdXMtY2VudHJhbDEvbmV3U3Vic2NyaWJlci8xWDlRY0trY0E1WQ  
 
[debug] [2019-05-22T21:27:53.517Z] <<< HTTP RESPONSE 200
[debug] [2019-05-22T21:27:53.541Z] <<< HTTP RESPONSE 200
[debug] [2019-05-22T21:27:55.518Z] >>> HTTP REQUEST GET https://cloudfunctions.googleapis.com/v1/operations/Y2Fwc21kLXNpdGUvdXMtY2VudHJhbDEvbmV3Q29udGFjdE1lc3NhZ2UveXJLNHo4TFNSV1k  
 
[debug] [2019-05-22T21:27:55.543Z] >>> HTTP REQUEST GET https://cloudfunctions.googleapis.com/v1/operations/Y2Fwc21kLXNpdGUvdXMtY2VudHJhbDEvbmV3U3Vic2NyaWJlci8xWDlRY0trY0E1WQ  
 
[debug] [2019-05-22T21:27:55.782Z] <<< HTTP RESPONSE 200
[debug] [2019-05-22T21:27:55.799Z] <<< HTTP RESPONSE 200
[debug] [2019-05-22T21:27:57.783Z] >>> HTTP REQUEST GET https://cloudfunctions.googleapis.com/v1/operations/Y2Fwc21kLXNpdGUvdXMtY2VudHJhbDEvbmV3U3Vic2NyaWJlci8xWDlRY0trY0E1WQ  
 
[debug] [2019-05-22T21:27:57.801Z] >>> HTTP REQUEST GET https://cloudfunctions.googleapis.com/v1/operations/Y2Fwc21kLXNpdGUvdXMtY2VudHJhbDEvbmV3Q29udGFjdE1lc3NhZ2UveXJLNHo4TFNSV1k  
 
[debug] [2019-05-22T21:27:58.051Z] <<< HTTP RESPONSE 200
[debug] [2019-05-22T21:27:58.059Z] <<< HTTP RESPONSE 200
[debug] [2019-05-22T21:28:00.052Z] >>> HTTP REQUEST GET https://cloudfunctions.googleapis.com/v1/operations/Y2Fwc21kLXNpdGUvdXMtY2VudHJhbDEvbmV3U3Vic2NyaWJlci8xWDlRY0trY0E1WQ  
 
[debug] [2019-05-22T21:28:00.061Z] >>> HTTP REQUEST GET https://cloudfunctions.googleapis.com/v1/operations/Y2Fwc21kLXNpdGUvdXMtY2VudHJhbDEvbmV3Q29udGFjdE1lc3NhZ2UveXJLNHo4TFNSV1k  
 
[debug] [2019-05-22T21:28:00.331Z] <<< HTTP RESPONSE 200
[debug] [2019-05-22T21:28:00.350Z] <<< HTTP RESPONSE 200
[debug] [2019-05-22T21:28:02.332Z] >>> HTTP REQUEST GET https://cloudfunctions.googleapis.com/v1/operations/Y2Fwc21kLXNpdGUvdXMtY2VudHJhbDEvbmV3U3Vic2NyaWJlci8xWDlRY0trY0E1WQ  
 
[debug] [2019-05-22T21:28:02.353Z] >>> HTTP REQUEST GET https://cloudfunctions.googleapis.com/v1/operations/Y2Fwc21kLXNpdGUvdXMtY2VudHJhbDEvbmV3Q29udGFjdE1lc3NhZ2UveXJLNHo4TFNSV1k  
 
[debug] [2019-05-22T21:28:02.635Z] <<< HTTP RESPONSE 200
[debug] [2019-05-22T21:28:02.637Z] <<< HTTP RESPONSE 200
[debug] [2019-05-22T21:28:04.635Z] >>> HTTP REQUEST GET https://cloudfunctions.googleapis.com/v1/operations/Y2Fwc21kLXNpdGUvdXMtY2VudHJhbDEvbmV3Q29udGFjdE1lc3NhZ2UveXJLNHo4TFNSV1k  
 
[debug] [2019-05-22T21:28:04.639Z] >>> HTTP REQUEST GET https://cloudfunctions.googleapis.com/v1/operations/Y2Fwc21kLXNpdGUvdXMtY2VudHJhbDEvbmV3U3Vic2NyaWJlci8xWDlRY0trY0E1WQ  
 
